2025-05-08 16:29:37 - Starting registration process
2025-05-08 16:29:37 - Transaction started
2025-05-08 16:29:37 - Preparing SQL: INSERT INTO usertbl (Firstname, Lastname, `Middle Name`, Email, ContactNo, Birthday, Gender, Address, VotersStat, Birthplace, CivilStat, Nationality) 
                VALUES (?, ?, ?, ?, ?, ?, ?, ?, ?, ?, ?, ?)
2025-05-08 16:29:37 - Error: Prepare failed: Unknown column 'Birthplace' in 'field list'
2025-05-09 18:34:20 - Signup request received: Array
(
    [signup_request] => 1
    [first_name] => Juan
    [last_name] => Dela Cruz
    [middle_name] => Santos
    [email] => email@example.com
    [contact_no] => 09123456789
    [birthday] => 2000-02-19
    [gender] => Male
    [civil_status] => Married
    [address] => nananananana
    [birthplace] => Muntinlupa
    [nationality] => Filipino
)

2025-05-09 18:34:20 - Sanitized data: Array
(
    [first_name] => Juan
    [last_name] => Dela Cruz
    [middle_name] => Santos
    [email] => email@example.com
    [contact_no] => 09123456789
    [birthday] => 2000-02-19
    [gender] => Male
    [civil_status] => Married
    [address] => nananananana
    [birthplace] => Muntinlupa
    [nationality] => Filipino
)

2025-05-09 18:34:20 - File upload attempted: Array
(
    [name] => Logo.jpeg
    [type] => image/jpeg
    [tmp_name] => C:\xampp\tmp\php5376.tmp
    [error] => 0
    [size] => 11762
)

2025-05-09 18:34:20 - File uploaded successfully: uploads/681e2e8c0458c.jpeg
2025-05-09 18:34:20 - Generated credentials: Array
(
    [username] => jdela cruz
    [temp_password] => ebb7beb8
)

2025-05-09 18:34:20 - Transaction started
2025-05-09 18:34:20 - Preparing usertbl insert: Array
(
    [sql] => INSERT INTO usertbl (
            Firstname, Lastname, MiddleName, Email, ContactNo, 
            Birthday, Gender, Address, VotersStat, Birthplace, 
            CivilStat, Nationality
        ) VALUES (?, ?, ?, ?, ?, ?, ?, ?, ?, ?, ?, ?)
)

2025-05-09 18:34:20 - Transaction rolled back: Array
(
    [error] => Prepare failed for usertbl: Unknown column 'Birthplace' in 'field list'
)

2025-05-09 18:34:20 - Deleted uploaded file after failure
2025-05-09 18:35:05 - Signup request received: Array
(
    [signup_request] => 1
    [first_name] => Juan
    [last_name] => Dela Cruz
    [middle_name] => Santos
    [email] => email@example.com
    [contact_no] => 09123456789
    [birthday] => 2025-05-10
    [gender] => Male
    [civil_status] => Married
    [address] => adadadadadada
    [birthplace] => adadad
    [nationality] => adada
)

2025-05-09 18:35:05 - Sanitized data: Array
(
    [first_name] => Juan
    [last_name] => Dela Cruz
    [middle_name] => Santos
    [email] => email@example.com
    [contact_no] => 09123456789
    [birthday] => 2025-05-10
    [gender] => Male
    [civil_status] => Married
    [address] => adadadadadada
    [birthplace] => adadad
    [nationality] => adada
)

2025-05-09 18:35:05 - File upload attempted: Array
(
    [name] => Logo.jpeg
    [type] => image/jpeg
    [tmp_name] => C:\xampp\tmp\php572.tmp
    [error] => 0
    [size] => 11762
)

2025-05-09 18:35:05 - File uploaded successfully: uploads/681e2eb96dbd7.jpeg
2025-05-09 18:35:05 - Generated credentials: Array
(
    [username] => jdela cruz
    [temp_password] => 6810cfb0
)

2025-05-09 18:35:05 - Transaction started
2025-05-09 18:35:05 - Preparing usertbl insert: Array
(
    [sql] => INSERT INTO usertbl (
            Firstname, Lastname, MiddleName, Email, ContactNo, 
            Birthday, Gender, Address, VotersStat, Birthplace, 
            CivilStat, Nationality
        ) VALUES (?, ?, ?, ?, ?, ?, ?, ?, ?, ?, ?, ?)
)

2025-05-09 18:35:05 - Transaction rolled back: Array
(
    [error] => Prepare failed for usertbl: Unknown column 'Birthplace' in 'field list'
)

2025-05-09 18:35:05 - Deleted uploaded file after failure
2025-05-09 18:37:05 - Signup request received: Array
(
    [signup_request] => 1
    [first_name] => Juan
    [last_name] => Dela Cruz
    [middle_name] => Santos
    [email] => email@example.com
    [contact_no] => 09123456789
    [birthday] => 2025-05-10
    [gender] => Male
    [civil_status] => Married
    [address] => adadadadadada
    [birthplace] => adadad
    [nationality] => adada
)

2025-05-09 18:37:05 - Sanitized data: Array
(
    [first_name] => Juan
    [last_name] => Dela Cruz
    [middle_name] => Santos
    [email] => email@example.com
    [contact_no] => 09123456789
    [birthday] => 2025-05-10
    [gender] => Male
    [civil_status] => Married
    [address] => adadadadadada
    [birthplace] => adadad
    [nationality] => adada
)

2025-05-09 18:37:05 - File upload attempted: Array
(
    [name] => Logo.jpeg
    [type] => image/jpeg
    [tmp_name] => C:\xampp\tmp\phpD9C5.tmp
    [error] => 0
    [size] => 11762
)

2025-05-09 18:37:05 - File uploaded successfully: uploads/681e2f3150fcb.jpeg
2025-05-09 18:37:05 - Generated credentials: Array
(
    [username] => jdela cruz
    [temp_password] => e2855ff3
)

2025-05-09 18:37:05 - Transaction started
2025-05-09 18:37:05 - Preparing usertbl insert: Array
(
    [sql] => INSERT INTO usertbl (
            Firstname, Lastname, MiddleName, Email, ContactNo, 
            Birthday, Gender, Address, VotersStat, Birthplace, 
            CivilStat, Nationality
        ) VALUES (?, ?, ?, ?, ?, ?, ?, ?, ?, ?, ?, ?)
)

2025-05-09 18:37:05 - Transaction rolled back: Array
(
    [error] => Prepare failed for usertbl: Unknown column 'Birthplace' in 'field list'
)

2025-05-09 18:37:05 - Deleted uploaded file after failure
2025-05-10 05:44:51 - Signup request received: Array
(
    [signup_request] => 1
    [first_name] => Juan
    [last_name] => Dela Cruz
    [middle_name] => Santos
    [email] => email@example.com
    [contact_no] => 09123456789
    [birthday] => 2025-05-10
    [gender] => Male
    [civil_status] => Married
    [address] => nanananannanananananan
    [birthplace] => Muntinlupa
    [nationality] => Filipino
)

2025-05-10 05:44:51 - Sanitized data: Array
(
    [first_name] => Juan
    [last_name] => Dela Cruz
    [middle_name] => Santos
    [email] => email@example.com
    [contact_no] => 09123456789
    [birthday] => 2025-05-10
    [gender] => Male
    [civil_status] => Married
    [address] => nanananannanananananan
    [birthplace] => Muntinlupa
    [nationality] => Filipino
)

2025-05-10 05:44:51 - File upload attempted: Array
(
    [name] => Logo.jpeg
    [type] => image/jpeg
    [tmp_name] => C:\xampp\tmp\php3767.tmp
    [error] => 0
    [size] => 11762
)

2025-05-10 05:44:51 - File uploaded successfully: uploads/681ecbb3c93b8.jpeg
2025-05-10 05:44:51 - Generated credentials: Array
(
    [username] => jdela cruz
    [temp_password] => d07eca3a
)

2025-05-10 05:44:51 - Transaction started
2025-05-10 05:44:51 - Preparing usertbl insert: Array
(
    [sql] => INSERT INTO usertbl (
            Firstname, Lastname, MiddleName, Email, ContactNo, 
            Birthday, Gender, Address, VotersStat, Birthplace, 
            CivilStat, Nationality
        ) VALUES (?, ?, ?, ?, ?, ?, ?, ?, ?, ?, ?, ?)
)

2025-05-10 05:44:51 - Transaction rolled back: Array
(
    [error] => Prepare failed for usertbl: Unknown column 'Birthplace' in 'field list'
)

2025-05-10 05:44:51 - Deleted uploaded file after failure
2025-05-10 05:55:29 - Signup request received: Array
(
    [signup_request] => 1
    [first_name] => Juan
    [last_name] => Dela Cruz
    [middle_name] => Santos
    [email] => email@example.com
    [contact_no] => 09123456789
    [birthday] => 2025-05-10
    [gender] => Male
    [civil_status] => Married
    [address] => nananan
    [birthplace] => Muntinlupa
    [nationality] => Filipino
)

2025-05-10 05:55:29 - Sanitized data: Array
(
    [first_name] => Juan
    [last_name] => Dela Cruz
    [middle_name] => Santos
    [email] => email@example.com
    [contact_no] => 09123456789
    [birthday] => 2025-05-10
    [gender] => Male
    [civil_status] => Married
    [address] => nananan
    [birthplace] => Muntinlupa
    [nationality] => Filipino
)

2025-05-10 05:55:29 - File upload attempted: Array
(
    [name] => Logo.jpeg
    [type] => image/jpeg
    [tmp_name] => C:\xampp\tmp\phpF270.tmp
    [error] => 0
    [size] => 11762
)

2025-05-10 05:55:29 - File uploaded successfully: uploads/681ece31a136e.jpeg
2025-05-10 05:55:29 - Generated credentials: Array
(
    [username] => jdela cruz
    [temp_password] => e6258548
)

2025-05-10 05:55:29 - Transaction started
2025-05-10 05:55:29 - Preparing usertbl insert: Array
(
    [sql] => INSERT INTO usertbl (
            Firstname, Lastname, Middlename, Email, ContactNo, 
            Birthday, Gender, Address, VotersStat, Birthplace, 
            CivilStat, Nationality, DateSignedIn
        ) VALUES (?, ?, ?, ?, ?, ?, ?, ?, ?, ?, ?, ?, CURRENT_TIMESTAMP())
)

2025-05-10 05:55:29 - Transaction rolled back: Array
(
    [error] => Prepare failed for usertbl: Unknown column 'Birthplace' in 'field list'
)

2025-05-10 05:55:29 - Deleted uploaded file after failure
